<?xml version="1.0" encoding="UTF-8"?>
<testng-results skipped="0" failed="0" ignored="0" total="1" passed="1">
  <reporter-output>
  </reporter-output>
  <suite name="runners.TestRunner" duration-ms="10135" started-at="2022-02-24T15:43:08 CET" finished-at="2022-02-24T15:43:18 CET">
    <groups>
      <group name="cucumber">
        <method signature="AbstractTestNGCucumberTests.runScenario(io.cucumber.testng.PickleWrapper, io.cucumber.testng.FeatureWrapper)[pri:0, instance:runners.TestRunner@5702b3b1]" name="runScenario" class="io.cucumber.testng.AbstractTestNGCucumberTests"/>
      </group> <!-- cucumber -->
    </groups>
    <test name="Command line test" duration-ms="10135" started-at="2022-02-24T15:43:08 CET" finished-at="2022-02-24T15:43:18 CET">
      <class name="runners.TestRunner">
        <test-method status="PASS" signature="setUpClass()[pri:0, instance:runners.TestRunner@5702b3b1]" name="setUpClass" is-config="true" duration-ms="580" started-at="2022-02-24T15:43:08 CET" finished-at="2022-02-24T15:43:09 CET">
          <reporter-output>
          </reporter-output>
        </test-method> <!-- setUpClass -->
        <test-method status="PASS" signature="runScenario(io.cucumber.testng.PickleWrapper, io.cucumber.testng.FeatureWrapper)[pri:0, instance:runners.TestRunner@5702b3b1]" name="runScenario" duration-ms="9343" started-at="2022-02-24T15:43:09 CET" description="Runs Cucumber Scenarios" data-provider="scenarios" finished-at="2022-02-24T15:43:18 CET">
          <params>
            <param index="0">
              <value>
                <![CDATA["Search a product"]]>
              </value>
            </param>
            <param index="1">
              <value>
                <![CDATA["Optional[GeneralTests]"]]>
              </value>
            </param>
          </params>
          <reporter-output>
          </reporter-output>
        </test-method> <!-- runScenario -->
        <test-method status="PASS" signature="tearDownClass()[pri:0, instance:runners.TestRunner@5702b3b1]" name="tearDownClass" is-config="true" duration-ms="134" started-at="2022-02-24T15:43:18 CET" finished-at="2022-02-24T15:43:18 CET">
          <reporter-output>
          </reporter-output>
        </test-method> <!-- tearDownClass -->
      </class> <!-- runners.TestRunner -->
    </test> <!-- Command line test -->
  </suite> <!-- runners.TestRunner -->
</testng-results>
